<?xml version="1.0" encoding="UTF-8"?>
<testng-results ignored="0" total="1" passed="1" failed="0" skipped="0">
  <reporter-output>
  </reporter-output>
  <suite started-at="2025-12-02T10:57:42 IST" name="Surefire suite" finished-at="2025-12-02T10:57:55 IST" duration-ms="13084">
    <groups>
    </groups>
    <test started-at="2025-12-02T10:57:42 IST" name="Surefire test" finished-at="2025-12-02T10:57:55 IST" duration-ms="13084">
      <class name="maincode.Trade">
        <test-method is-config="true" signature="setup()[pri:0, instance:maincode.Trade@50b472aa]" started-at="2025-12-02T10:57:42 IST" name="setup" finished-at="2025-12-02T10:57:44 IST" duration-ms="2374" status="PASS">
          <reporter-output>
          </reporter-output>
        </test-method> <!-- setup -->
        <test-method signature="deposit()[pri:1, instance:maincode.Trade@50b472aa]" started-at="2025-12-02T10:57:44 IST" name="deposit" finished-at="2025-12-02T10:57:54 IST" duration-ms="10256" status="PASS">
          <reporter-output>
          </reporter-output>
        </test-method> <!-- deposit -->
        <test-method is-config="true" signature="teardown()[pri:0, instance:maincode.Trade@50b472aa]" started-at="2025-12-02T10:57:55 IST" name="teardown" finished-at="2025-12-02T10:57:55 IST" duration-ms="413" status="PASS">
          <reporter-output>
          </reporter-output>
        </test-method> <!-- teardown -->
      </class> <!-- maincode.Trade -->
    </test> <!-- Surefire test -->
  </suite> <!-- Surefire suite -->
</testng-results>
