<?xml version="1.0" encoding="UTF-8"?>
<!-- Generated by org.testng.reporters.JUnitReportReporter -->
<testsuite hostname="DESKTOP-0P3T8R5" failures="0" tests="3" name="maincode.Trade" time="99.974" errors="0" timestamp="2026-01-27T16:08:06 IST" skipped="0">
  <testcase classname="maincode.Trade" name="deposit" time="41.986"/>
  <testcase classname="maincode.Trade" name="withdraw" time="15.699"/>
  <testcase classname="maincode.Trade" name="trade" time="42.289"/>
</testsuite> <!-- maincode.Trade -->
